<?xml version="1.0" encoding="UTF-8"?>
<!-- Generated by org.testng.reporters.JUnitXMLReporter -->
<testsuite ignored="3" hostname="DESKTOP-GICQ57T" failures="0" tests="1" name="Default test" time="13.931" errors="0" timestamp="2021-12-29T00:31:22 CET">
  <testcase classname="ob.qa.test.testNGJangu.Abay_Advanced_Search_Sanity" name="ebay_logo_link_navigate_home_page_test" time="5.116"/>
  <testcase classname="ob.qa.test.testNGJangu.Abay_Advanced_Search_Sanity" name="category_options_in_ascendant_order" time="0.0">
    <ignored/>
  </testcase> <!-- category_options_in_ascendant_order -->
  <testcase classname="ob.qa.test.testNGJangu.Abay_Advanced_Search_Sanity" name="empty_Search_test_advanced" time="0.0">
    <ignored/>
  </testcase> <!-- empty_Search_test_advanced -->
  <testcase classname="ob.qa.test.testNGJangu.Abay_Advanced_Search_Sanity" name="advanced_keywords_test" time="0.0">
    <ignored/>
  </testcase> <!-- advanced_keywords_test -->
</testsuite> <!-- Default test -->
