<?xml version="1.0" encoding="UTF-8"?>
<!-- Generated by org.testng.reporters.JUnitXMLReporter -->
<testsuite ignored="0" hostname="DESKTOP-GICQ57T" failures="0" tests="5" name="Before and After Test annotations" time="0.182" errors="0" timestamp="2021-12-26T01:47:18 CET">
  <testcase classname="ob.qa.test.testNGJangu.Demo_Test" name="test1" time="0.014"/>
  <testcase classname="ob.qa.test.testNGJangu.Demo_Test" name="test2" time="0.003"/>
  <testcase classname="ob.qa.test.testNGJangu.Demo_Test" name="test3" time="0.003"/>
  <testcase classname="ob.qa.test.testNGJangu.Demo_Test" name="test4" time="0.004"/>
  <testcase classname="ob.qa.test.testNGJangu.Demo_Test" name="test5" time="0.009"/>
</testsuite> <!-- Before and After Test annotations -->
