<?xml version="1.0" encoding="UTF-8"?>
<testng-results ignored="3" total="4" passed="1" failed="0" skipped="0">
  <reporter-output>
  </reporter-output>
  <suite started-at="2021-12-29T00:31:08 CET" name="Default suite" finished-at="2021-12-29T00:31:22 CET" duration-ms="13931">
    <groups>
    </groups>
    <test started-at="2021-12-29T00:31:08 CET" name="Default test" finished-at="2021-12-29T00:31:22 CET" duration-ms="13931">
      <class name="ob.qa.test.testNGJangu.Abay_Advanced_Search_Sanity">
        <test-method is-config="true" signature="setUp()[pri:0, instance:ob.qa.test.testNGJangu.Abay_Advanced_Search_Sanity@51dcb805]" started-at="2021-12-29T00:31:08 CET" name="setUp" finished-at="2021-12-29T00:31:16 CET" duration-ms="8439" status="PASS">
          <reporter-output>
          </reporter-output>
        </test-method> <!-- setUp -->
        <test-method signature="ebay_logo_link_navigate_home_page_test()[pri:0, instance:ob.qa.test.testNGJangu.Abay_Advanced_Search_Sanity@51dcb805]" started-at="2021-12-29T00:31:16 CET" name="ebay_logo_link_navigate_home_page_test" finished-at="2021-12-29T00:31:22 CET" duration-ms="5116" status="PASS">
          <reporter-output>
          </reporter-output>
        </test-method> <!-- ebay_logo_link_navigate_home_page_test -->
        <test-method is-config="true" signature="tearDown()[pri:0, instance:ob.qa.test.testNGJangu.Abay_Advanced_Search_Sanity@51dcb805]" started-at="2021-12-29T00:31:22 CET" name="tearDown" finished-at="2021-12-29T00:31:22 CET" duration-ms="323" status="PASS">
          <reporter-output>
          </reporter-output>
        </test-method> <!-- tearDown -->
      </class> <!-- ob.qa.test.testNGJangu.Abay_Advanced_Search_Sanity -->
    </test> <!-- Default test -->
  </suite> <!-- Default suite -->
</testng-results>
